[ERROR] COMPILATION ERROR : 
[ERROR] /home/runner/work/AI-SDLC/AI-SDLC/backend/src/main/java/be/ap/student/tickets/controller/TicketController.java:[14,34] package be.ap.student.tickets.util does not exist
[ERROR] /home/runner/work/AI-SDLC/AI-SDLC/backend/src/main/java/be/ap/student/tickets/controller/TestController.java:[26,9] cannot find symbol
  symbol:   class StatusChecker
  location: class be.ap.student.tickets.controller.TestController
[ERROR] /home/runner/work/AI-SDLC/AI-SDLC/backend/src/main/java/be/ap/student/tickets/controller/TestController.java:[26,37] cannot find symbol
  symbol:   class StatusChecker
  location: class be.ap.student.tickets.controller.TestController
[ERROR] /home/runner/work/AI-SDLC/AI-SDLC/backend/src/main/java/be/ap/student/tickets/controller/TicketController.java:[37,16] cannot find symbol
  symbol:   variable TicketFormatter
  location: class be.ap.student.tickets.controller.TicketController
[ERROR] /home/runner/work/AI-SDLC/AI-SDLC/backend/src/main/java/be/ap/student/tickets/service/BrokenService.java:[17,23] incompatible types: inference variable E has incompatible bounds
    equality constraints: java.lang.Integer
    lower bounds: java.lang.String
[ERROR] Failed to execute goal org.apache.maven.plugins:maven-compiler-plugin:3.14.1:compile (default-compile) on project backend: Compilation failure: Compilation failure: 
[ERROR] /home/runner/work/AI-SDLC/AI-SDLC/backend/src/main/java/be/ap/student/tickets/controller/TicketController.java:[14,34] package be.ap.student.tickets.util does not exist
[ERROR] /home/runner/work/AI-SDLC/AI-SDLC/backend/src/main/java/be/ap/student/tickets/controller/TestController.java:[26,9] cannot find symbol
[ERROR]   symbol:   class StatusChecker
[ERROR]   location: class be.ap.student.tickets.controller.TestController
[ERROR] /home/runner/work/AI-SDLC/AI-SDLC/backend/src/main/java/be/ap/student/tickets/controller/TestController.java:[26,37] cannot find symbol
[ERROR]   symbol:   class StatusChecker
[ERROR]   location: class be.ap.student.tickets.controller.TestController
[ERROR] /home/runner/work/AI-SDLC/AI-SDLC/backend/src/main/java/be/ap/student/tickets/controller/TicketController.java:[37,16] cannot find symbol
[ERROR]   symbol:   variable TicketFormatter
[ERROR]   location: class be.ap.student.tickets.controller.TicketController
[ERROR] /home/runner/work/AI-SDLC/AI-SDLC/backend/src/main/java/be/ap/student/tickets/service/BrokenService.java:[17,23] incompatible types: inference variable E has incompatible bounds
[ERROR]     equality constraints: java.lang.Integer
[ERROR]     lower bounds: java.lang.String
[ERROR] -> [Help 1]
[ERROR] 
[ERROR] To see the full stack trace of the errors, re-run Maven with the -e switch.
[ERROR] Re-run Maven using the -X switch to enable full debug logging.
[ERROR] 
[ERROR] For more information about the errors and possible solutions, please read the following articles:
[ERROR] [Help 1] http://cwiki.apache.org/confluence/display/MAVEN/MojoFailureException
