[ERROR] COMPILATION ERROR : 
[ERROR] /home/runner/work/AI-SDLC/AI-SDLC/backend/src/main/java/be/ap/student/tickets/service/TicketService.java:[16,31] package be.ap.common.web does not exist
[ERROR] /home/runner/work/AI-SDLC/AI-SDLC/backend/src/main/java/be/ap/student/tickets/service/TicketService.java:[16,1] static import only from classes and interfaces
[ERROR] /home/runner/work/AI-SDLC/AI-SDLC/backend/src/main/java/be/ap/student/tickets/controller/TicketController.java:[44,85] cannot find symbol
  symbol:   method name()
  location: class java.lang.String
[ERROR] /home/runner/work/AI-SDLC/AI-SDLC/backend/src/main/java/be/ap/student/tickets/service/TicketService.java:[41,31] incompatible types: java.lang.String cannot be converted to java.util.UUID
[ERROR] /home/runner/work/AI-SDLC/AI-SDLC/backend/src/main/java/be/ap/student/tickets/service/TicketService.java:[52,71] cannot find symbol
  symbol:   variable MDC_KEY
  location: class be.ap.student.tickets.service.TicketService
[ERROR] /home/runner/work/AI-SDLC/AI-SDLC/backend/src/main/java/be/ap/student/tickets/service/TicketService.java:[62,34] incompatible types: java.lang.String cannot be converted to java.util.UUID
[ERROR] Failed to execute goal org.apache.maven.plugins:maven-compiler-plugin:3.14.1:compile (default-compile) on project backend: Compilation failure: Compilation failure: 
[ERROR] /home/runner/work/AI-SDLC/AI-SDLC/backend/src/main/java/be/ap/student/tickets/service/TicketService.java:[16,31] package be.ap.common.web does not exist
[ERROR] /home/runner/work/AI-SDLC/AI-SDLC/backend/src/main/java/be/ap/student/tickets/service/TicketService.java:[16,1] static import only from classes and interfaces
[ERROR] /home/runner/work/AI-SDLC/AI-SDLC/backend/src/main/java/be/ap/student/tickets/controller/TicketController.java:[44,85] cannot find symbol
[ERROR]   symbol:   method name()
[ERROR]   location: class java.lang.String
[ERROR] /home/runner/work/AI-SDLC/AI-SDLC/backend/src/main/java/be/ap/student/tickets/service/TicketService.java:[41,31] incompatible types: java.lang.String cannot be converted to java.util.UUID
[ERROR] /home/runner/work/AI-SDLC/AI-SDLC/backend/src/main/java/be/ap/student/tickets/service/TicketService.java:[52,71] cannot find symbol
[ERROR]   symbol:   variable MDC_KEY
[ERROR]   location: class be.ap.student.tickets.service.TicketService
[ERROR] /home/runner/work/AI-SDLC/AI-SDLC/backend/src/main/java/be/ap/student/tickets/service/TicketService.java:[62,34] incompatible types: java.lang.String cannot be converted to java.util.UUID
[ERROR] -> [Help 1]
[ERROR] 
[ERROR] To see the full stack trace of the errors, re-run Maven with the -e switch.
[ERROR] Re-run Maven using the -X switch to enable full debug logging.
[ERROR] 
[ERROR] For more information about the errors and possible solutions, please read the following articles:
[ERROR] [Help 1] http://cwiki.apache.org/confluence/display/MAVEN/MojoFailureException
